<?xml version="1.0" encoding="UTF-8"?>
<testng-results skipped="0" failed="0" total="0" passed="0">
  <reporter-output>
  </reporter-output>
  <suite name="mnb.test.AppTest" duration-ms="3" started-at="2017-12-18T09:23:41Z" finished-at="2017-12-18T09:23:41Z">
    <groups>
    </groups>
    <test name="Command line test" duration-ms="3" started-at="2017-12-18T09:23:41Z" finished-at="2017-12-18T09:23:41Z">
    </test> <!-- Command line test -->
  </suite> <!-- mnb.test.AppTest -->
</testng-results>
