<?xml version="1.0" encoding="UTF-8"?>
<testng-results skipped="0" failed="0" total="1" passed="1">
  <reporter-output>
  </reporter-output>
  <suite name="Default suite" duration-ms="8022" started-at="2017-12-18T02:30:34Z" finished-at="2017-12-18T02:30:42Z">
    <groups>
    </groups>
    <test name="Default test" duration-ms="8022" started-at="2017-12-18T02:30:34Z" finished-at="2017-12-18T02:30:42Z">
      <class name="example.mercurytours.VerifyLoginLogout">
        <test-method status="PASS" signature="checkValidUser()[pri:0, instance:example.mercurytours.VerifyLoginLogout@4c70fda8]" name="checkValidUser" duration-ms="8003" started-at="2017-12-18T02:30:34Z" finished-at="2017-12-18T02:30:42Z">
          <reporter-output>
          </reporter-output>
        </test-method> <!-- checkValidUser -->
      </class> <!-- example.mercurytours.VerifyLoginLogout -->
    </test> <!-- Default test -->
  </suite> <!-- Default suite -->
</testng-results>
